2025-05-04T20:32:41.130+02:00  INFO 47786 --- [aristote] [main] be.ifapme.sab.AristoteApplication        : Starting AristoteApplication using Java 23 with PID 47786 (/Users/jessicazawistowska/Desktop/Travail SAB/sab/target/classes started by jessicazawistowska in /Users/jessicazawistowska/Desktop/Travail SAB/sab)
2025-05-04T20:32:41.134+02:00  INFO 47786 --- [aristote] [main] be.ifapme.sab.AristoteApplication        : No active profile set, falling back to 1 default profile: "default"
2025-05-04T20:32:43.336+02:00  INFO 47786 --- [aristote] [main] .s.d.r.c.RepositoryConfigurationDelegate : Bootstrapping Spring Data JPA repositories in DEFAULT mode.
2025-05-04T20:32:43.520+02:00  INFO 47786 --- [aristote] [main] .s.d.r.c.RepositoryConfigurationDelegate : Finished Spring Data repository scanning in 160 ms. Found 7 JPA repository interfaces.
2025-05-04T20:32:44.855+02:00  INFO 47786 --- [aristote] [main] o.s.b.w.embedded.tomcat.TomcatWebServer  : Tomcat initialized with port 8080 (http)
2025-05-04T20:32:44.895+02:00  INFO 47786 --- [aristote] [main] o.apache.catalina.core.StandardService   : Starting service [Tomcat]
2025-05-04T20:32:44.896+02:00  INFO 47786 --- [aristote] [main] o.apache.catalina.core.StandardEngine    : Starting Servlet engine: [Apache Tomcat/10.1.39]
2025-05-04T20:32:45.084+02:00  INFO 47786 --- [aristote] [main] o.a.c.c.C.[Tomcat].[localhost].[/]       : Initializing Spring embedded WebApplicationContext
2025-05-04T20:32:45.085+02:00  INFO 47786 --- [aristote] [main] w.s.c.ServletWebServerApplicationContext : Root WebApplicationContext: initialization completed in 3793 ms
2025-05-04T20:32:45.430+02:00  INFO 47786 --- [aristote] [main] com.zaxxer.hikari.HikariDataSource       : HikariPool-1 - Starting...
2025-05-04T20:32:45.961+02:00  INFO 47786 --- [aristote] [main] com.zaxxer.hikari.pool.HikariPool        : HikariPool-1 - Added connection conn0: url=jdbc:h2:mem:userdb user=USER
2025-05-04T20:32:45.965+02:00  INFO 47786 --- [aristote] [main] com.zaxxer.hikari.HikariDataSource       : HikariPool-1 - Start completed.
2025-05-04T20:32:46.105+02:00  INFO 47786 --- [aristote] [main] liquibase.database                       : Set default schema name to PUBLIC
2025-05-04T20:32:47.028+02:00  INFO 47786 --- [aristote] [main] liquibase.changelog                      : Creating database history table with name: PUBLIC.DATABASECHANGELOG
2025-05-04T20:32:47.189+02:00  INFO 47786 --- [aristote] [main] liquibase.changelog                      : Reading from PUBLIC.DATABASECHANGELOG
2025-05-04T20:32:47.330+02:00  INFO 47786 --- [aristote] [main] liquibase.lockservice                    : Successfully acquired change log lock
2025-05-04T20:32:47.331+02:00  INFO 47786 --- [aristote] [main] liquibase.command                        : Using deploymentId: 6383567331
2025-05-04T20:32:47.335+02:00  INFO 47786 --- [aristote] [main] liquibase.changelog                      : Reading from PUBLIC.DATABASECHANGELOG
2025-05-04T20:32:47.379+02:00  INFO 47786 --- [aristote] [main] liquibase.ui                             : Running Changeset: changelog/db/001-create-person-table.xml::001::admin
2025-05-04T20:32:47.393+02:00  INFO 47786 --- [aristote] [main] liquibase.changelog                      : Table person created
2025-05-04T20:32:47.394+02:00  INFO 47786 --- [aristote] [main] liquibase.changelog                      : ChangeSet changelog/db/001-create-person-table.xml::001::admin ran successfully in 13ms
2025-05-04T20:32:47.404+02:00  INFO 47786 --- [aristote] [main] liquibase.ui                             : Running Changeset: changelog/db/002-insert-admin-user.xml::002::toi
2025-05-04T20:32:47.407+02:00  INFO 47786 --- [aristote] [main] liquibase.changelog                      : New row inserted into person
2025-05-04T20:32:47.408+02:00  INFO 47786 --- [aristote] [main] liquibase.changelog                      : ChangeSet changelog/db/002-insert-admin-user.xml::002::toi ran successfully in 3ms
2025-05-04T20:32:47.416+02:00  INFO 47786 --- [aristote] [main] liquibase.ui                             : Running Changeset: changelog/db/003-create-book-table.xml::003::admin
2025-05-04T20:32:47.426+02:00  INFO 47786 --- [aristote] [main] liquibase.changelog                      : Table books created
2025-05-04T20:32:47.426+02:00  INFO 47786 --- [aristote] [main] liquibase.changelog                      : ChangeSet changelog/db/003-create-book-table.xml::003::admin ran successfully in 10ms
2025-05-04T20:32:47.432+02:00  INFO 47786 --- [aristote] [main] liquibase.ui                             : Running Changeset: changelog/db/004-create-category-table.xml::004::admin
2025-05-04T20:32:47.438+02:00  INFO 47786 --- [aristote] [main] liquibase.changelog                      : Table category created
2025-05-04T20:32:47.438+02:00  INFO 47786 --- [aristote] [main] liquibase.changelog                      : ChangeSet changelog/db/004-create-category-table.xml::004::admin ran successfully in 6ms
2025-05-04T20:32:47.447+02:00  INFO 47786 --- [aristote] [main] liquibase.ui                             : Running Changeset: changelog/db/005-insert-categories-test.xml::005::toi
2025-05-04T20:32:47.450+02:00  INFO 47786 --- [aristote] [main] liquibase.changelog                      : New row inserted into category
2025-05-04T20:32:47.452+02:00  INFO 47786 --- [aristote] [main] liquibase.changelog                      : New row inserted into category
2025-05-04T20:32:47.455+02:00  INFO 47786 --- [aristote] [main] liquibase.changelog                      : New row inserted into category
2025-05-04T20:32:47.457+02:00  INFO 47786 --- [aristote] [main] liquibase.changelog                      : New row inserted into category
2025-05-04T20:32:47.458+02:00  INFO 47786 --- [aristote] [main] liquibase.changelog                      : ChangeSet changelog/db/005-insert-categories-test.xml::005::toi ran successfully in 10ms
2025-05-04T20:32:47.478+02:00  INFO 47786 --- [aristote] [main] liquibase.util                           : UPDATE SUMMARY
2025-05-04T20:32:47.479+02:00  INFO 47786 --- [aristote] [main] liquibase.util                           : Run:                          5
2025-05-04T20:32:47.479+02:00  INFO 47786 --- [aristote] [main] liquibase.util                           : Previously run:               0
2025-05-04T20:32:47.479+02:00  INFO 47786 --- [aristote] [main] liquibase.util                           : Filtered out:                 0
2025-05-04T20:32:47.480+02:00  INFO 47786 --- [aristote] [main] liquibase.util                           : -------------------------------
2025-05-04T20:32:47.480+02:00  INFO 47786 --- [aristote] [main] liquibase.util                           : Total change sets:            5
2025-05-04T20:32:47.482+02:00  INFO 47786 --- [aristote] [main] liquibase.util                           : Update summary generated
2025-05-04T20:32:47.487+02:00  INFO 47786 --- [aristote] [main] liquibase.command                        : Update command completed successfully.
2025-05-04T20:32:47.488+02:00  INFO 47786 --- [aristote] [main] liquibase.ui                             : Liquibase: Update has been successful. Rows affected: 10
2025-05-04T20:32:47.490+02:00  INFO 47786 --- [aristote] [main] liquibase.lockservice                    : Successfully released change log lock
2025-05-04T20:32:47.492+02:00  INFO 47786 --- [aristote] [main] liquibase.command                        : Command execution complete
2025-05-04T20:32:47.735+02:00  INFO 47786 --- [aristote] [main] o.hibernate.jpa.internal.util.LogHelper  : HHH000204: Processing PersistenceUnitInfo [name: default]
2025-05-04T20:32:47.842+02:00  INFO 47786 --- [aristote] [main] org.hibernate.Version                    : HHH000412: Hibernate ORM core version 6.6.11.Final
2025-05-04T20:32:47.908+02:00  INFO 47786 --- [aristote] [main] o.h.c.internal.RegionFactoryInitiator    : HHH000026: Second-level cache disabled
2025-05-04T20:32:48.577+02:00  INFO 47786 --- [aristote] [main] o.s.o.j.p.SpringPersistenceUnitInfo      : No LoadTimeWeaver setup: ignoring JPA class transformer
2025-05-04T20:32:48.607+02:00  WARN 47786 --- [aristote] [main] org.hibernate.orm.deprecation            : HHH90000021: Encountered deprecated setting [hibernate.temp.use_jdbc_metadata_defaults], use [hibernate.boot.allow_jdbc_metadata_access] instead
2025-05-04T20:32:48.643+02:00  WARN 47786 --- [aristote] [main] org.hibernate.orm.deprecation            : HHH90000025: H2Dialect does not need to be specified explicitly using 'hibernate.dialect' (remove the property setting and it will be selected by default)
2025-05-04T20:32:48.663+02:00  INFO 47786 --- [aristote] [main] org.hibernate.orm.connections.pooling    : HHH10001005: Database info:
	Database JDBC URL [undefined/unknown]
	Database driver: undefined/unknown
	Database version: 2.1.214
	Autocommit mode: undefined/unknown
	Isolation level: <unknown>
	Minimum pool size: undefined/unknown
	Maximum pool size: undefined/unknown
2025-05-04T20:32:50.854+02:00  INFO 47786 --- [aristote] [main] o.h.e.t.j.p.i.JtaPlatformInitiator       : HHH000489: No JTA platform available (set 'hibernate.transaction.jta.platform' to enable JTA platform integration)
2025-05-04T20:32:50.861+02:00  INFO 47786 --- [aristote] [main] j.LocalContainerEntityManagerFactoryBean : Initialized JPA EntityManagerFactory for persistence unit 'default'
2025-05-04T20:32:52.372+02:00 TRACE 47786 --- [aristote] [main] eGlobalAuthenticationAutowiredConfigurer : Eagerly initializing {springSecurityConfig=be.ifapme.sab.config.security.SpringSecurityConfig$$SpringCGLIB$$0@2c3df478}
2025-05-04T20:32:52.402+02:00  INFO 47786 --- [aristote] [main] r$InitializeUserDetailsManagerConfigurer : Global AuthenticationManager configured with UserDetailsService bean with name userDetailsService
2025-05-04T20:32:53.205+02:00 DEBUG 47786 --- [aristote] [main] o.s.s.web.DefaultSecurityFilterChain     : Will secure any request with filters: DisableEncodeUrlFilter, WebAsyncManagerIntegrationFilter, SecurityContextHolderFilter, HeaderWriterFilter, LogoutFilter, OAuth2AuthorizationRequestRedirectFilter, OAuth2LoginAuthenticationFilter, UsernamePasswordAuthenticationFilter, DefaultResourcesFilter, DefaultLoginPageGeneratingFilter, DefaultLogoutPageGeneratingFilter, BasicAuthenticationFilter, RequestCacheAwareFilter, SecurityContextHolderAwareRequestFilter, AnonymousAuthenticationFilter, SessionManagementFilter, ExceptionTranslationFilter, AuthorizationFilter
2025-05-04T20:32:53.329+02:00  INFO 47786 --- [aristote] [main] o.s.v.b.OptionalValidatorFactoryBean     : Failed to set up a Bean Validation provider: jakarta.validation.NoProviderFoundException: Unable to create a Configuration, because no Jakarta Bean Validation provider could be found. Add a provider like Hibernate Validator (RI) to your classpath.
2025-05-04T20:32:53.758+02:00  INFO 47786 --- [aristote] [main] o.s.b.a.h2.H2ConsoleAutoConfiguration    : H2 console available at '/h2-console'. Database available at 'jdbc:h2:mem:userdb'
2025-05-04T20:32:53.904+02:00  INFO 47786 --- [aristote] [main] o.s.b.w.embedded.tomcat.TomcatWebServer  : Tomcat started on port 8080 (http) with context path '/'
2025-05-04T20:32:53.920+02:00  INFO 47786 --- [aristote] [main] be.ifapme.sab.AristoteApplication        : Started AristoteApplication in 14.714 seconds (process running for 16.158)
